2025-09-16 12:38:02 - INFO - Инициализация DB для library_db на localhost:5432
2025-09-16 12:38:05 - INFO - Попытка подключения к БД...
2025-09-16 12:38:05 - ERROR - Ошибка подключения: Ошибка подключения: (psycopg2.OperationalError) connection to server at "localhost" (::1), port 5432 failed: fe_sendauth: no password supplied

(Background on this error at: https://sqlalche.me/e/20/e3q8)...
2025-09-16 12:39:40 - INFO - Инициализация DB для library_db на localhost:5432
2025-09-16 12:39:43 - INFO - Попытка подключения к БД...
2025-09-16 12:39:43 - ERROR - Ошибка подключения: Ошибка подключения: (psycopg2.OperationalError) connection to server at "localhost" (::1), port 5432 failed: fe_sendauth: no password supplied

(Background on this error at: https://sqlalche.me/e/20/e3q8)...
2025-09-16 12:58:06 - INFO - Инициализация DB для library_db на localhost:5432
2025-09-16 12:58:08 - INFO - Попытка подключения к БД...
2025-09-16 12:58:08 - ERROR - Ошибка подключения: Ошибка подключения: (psycopg2.OperationalError) connection to server at "localhost" (::1), port 5432 failed: fe_sendauth: no password supplied

(Background on this error at: https://sqlalche.me/e/20/e3q8)...
2025-09-16 12:58:11 - INFO - Проверка подключения: не активно
2025-09-16 12:58:12 - INFO - Проверка подключения: не активно
2025-09-16 13:07:47 - INFO - Инициализация DB для library_db на localhost:5432
2025-09-16 13:09:11 - INFO - Попытка подключения к БД...
2025-09-16 13:09:11 - INFO - Подключено к library_db на localhost:5432
2025-09-16 13:09:13 - INFO - Проверка подключения: активно
2025-09-16 13:09:13 - INFO - Схема уже существует — все таблицы созданы ранее
2025-09-16 13:09:15 - INFO - Проверка подключения: активно
2025-09-16 13:09:15 - INFO - Выполнение DML: SELECT * FROM "Books"
2025-09-16 13:09:15 - INFO - Получено 0 строк из таблицы 'Books'
2025-09-16 13:11:18 - INFO - Инициализация DB для library_db на localhost:5432
2025-09-16 13:11:59 - INFO - Инициализация DB для library_db на localhost:5432
2025-09-16 13:12:21 - INFO - Попытка подключения к БД...
2025-09-16 13:12:21 - INFO - Подключено к library_db на localhost:5432
2025-09-16 13:12:22 - INFO - Проверка подключения: активно
2025-09-16 13:12:22 - INFO - Схема уже существует — все таблицы созданы ранее
2025-09-16 13:12:24 - INFO - Проверка подключения: активно
2025-09-16 13:12:24 - INFO - Выполнение DML: SELECT * FROM "Books"
2025-09-16 13:12:24 - INFO - Получено 0 строк из таблицы 'Books'
2025-09-16 13:12:30 - INFO - Проверка подключения: активно
2025-09-16 13:12:30 - WARNING - Ошибки валидации данных для таблицы 'Books':
2025-09-16 13:12:30 - WARNING -   - Поле 'genre' имеет недопустимое значение 'ss'. Допустимые: ['Роман', 'Повесть', 'Рассказ', 'Поэзия', 'Детектив', 'Триллер', 'Научная фантастика', 'Фэнтези', 'Научная литература', 'Биография', 'Мемуары', 'История', 'Философия', 'Психология', 'Саморазвитие', 'Детская литература', 'Приключения', 'Ужасы', 'Классика', 'Эссе', 'Пьеса', 'Научно-популярное', 'Путешествия']
2025-09-16 13:12:38 - INFO - Проверка подключения: активно
2025-09-16 13:12:38 - INFO - Выполнение DML: SELECT * FROM "Books"
2025-09-16 13:12:38 - INFO - Получено 0 строк из таблицы 'Books'
2025-09-16 13:12:59 - INFO - Проверка подключения: активно
2025-09-16 13:12:59 - INFO - Выполнение DML: INSERT INTO "Books" (['title', 'authors', 'genre', 'deposit_amount', 'daily_rental_rate'])
2025-09-16 13:12:59 - INFO - Успешно вставлена 1 запись в таблицу 'Books' (ID: 1)
2025-09-16 13:13:53 - INFO - Инициализация DB для library_db на localhost:5432
2025-09-16 13:14:14 - INFO - Попытка подключения к БД...
2025-09-16 13:14:14 - INFO - Подключено к library_db на localhost:5432
2025-09-16 13:14:15 - INFO - Проверка подключения: активно
2025-09-16 13:14:15 - INFO - Схема уже существует — все таблицы созданы ранее
2025-09-16 13:14:16 - INFO - Проверка подключения: активно
2025-09-16 13:14:16 - INFO - Выполнение DML: SELECT * FROM "Books"
2025-09-16 13:14:16 - INFO - Получено 1 строк из таблицы 'Books'
2025-09-16 13:14:30 - INFO - Проверка подключения: активно
2025-09-16 13:14:30 - INFO - Выполнение DML: INSERT INTO "Books" (['title', 'authors', 'genre', 'deposit_amount', 'daily_rental_rate'])
2025-09-16 13:14:30 - INFO - Успешно вставлена 1 запись в таблицу 'Books' (ID: 2)
2025-09-16 13:14:33 - INFO - Проверка подключения: активно
2025-09-16 13:14:33 - INFO - Выполнение DML: SELECT * FROM "Books"
2025-09-16 13:14:33 - INFO - Получено 2 строк из таблицы 'Books'
2025-09-16 13:14:57 - INFO - Проверка подключения: активно
2025-09-16 13:14:57 - INFO - Выполнение DML: SELECT * FROM "Readers"
2025-09-16 13:14:57 - INFO - Получено 0 строк из таблицы 'Readers'
2025-09-16 13:14:58 - INFO - Проверка подключения: активно
2025-09-16 13:14:58 - INFO - Выполнение DML: SELECT * FROM "Books"
2025-09-16 13:14:58 - INFO - Получено 2 строк из таблицы 'Books'
2025-09-16 13:15:15 - INFO - Проверка подключения: активно
2025-09-16 13:15:15 - INFO - Выполнение DDL: DROP TABLES...
2025-09-16 13:15:15 - INFO - Схема успешно удалена
2025-09-16 13:15:16 - INFO - Проверка подключения: активно
2025-09-16 13:15:16 - INFO - Выполнение DML: SELECT * FROM "Books"
2025-09-16 13:15:16 - ERROR - Ошибка получения данных из таблицы 'Books': Ошибка подключения: (psycopg2.errors.UndefinedTable) ОШИБКА:  отношение "Books" не существует
LINE 2: FROM "Books"
             ^

[SQL: SELECT "Books".id_book, "Books".title, "Books".authors, "Books".genre, "Books".depo...
2025-09-16 13:15:18 - INFO - Проверка подключения: активно
2025-09-16 13:15:18 - INFO - Выполнение DML: SELECT * FROM "Books"
2025-09-16 13:15:18 - ERROR - Ошибка получения данных из таблицы 'Books': Ошибка подключения: (psycopg2.errors.UndefinedTable) ОШИБКА:  отношение "Books" не существует
LINE 2: FROM "Books"
             ^

[SQL: SELECT "Books".id_book, "Books".title, "Books".authors, "Books".genre, "Books".depo...
2025-09-16 16:12:04 - INFO - Инициализация DB для library_db на localhost:5432
2025-09-16 16:12:10 - INFO - Проверка подключения: не активно
2025-09-16 16:12:10 - ERROR - Нет подключения к БД
2025-09-16 16:12:12 - INFO - Проверка подключения: не активно
2025-09-16 16:12:12 - ERROR - Нет подключения к БД
2025-09-16 16:12:13 - INFO - Проверка подключения: не активно
2025-09-16 16:12:13 - ERROR - Нет подключения к БД
2025-09-16 16:12:15 - INFO - Проверка подключения: не активно
2025-09-16 16:12:15 - ERROR - Нет подключения к БД
2025-09-16 16:12:15 - INFO - Проверка подключения: не активно
2025-09-16 16:12:15 - ERROR - Нет подключения к БД
2025-09-16 16:12:16 - INFO - Проверка подключения: не активно
2025-09-16 16:12:16 - ERROR - Нет подключения к БД
2025-09-16 16:12:17 - INFO - Проверка подключения: не активно
2025-09-16 16:12:17 - ERROR - Нет подключения к БД
2025-09-16 16:12:17 - INFO - Проверка подключения: не активно
2025-09-16 16:12:17 - ERROR - Нет подключения к БД
2025-09-16 16:12:18 - INFO - Проверка подключения: не активно
2025-09-16 16:12:18 - ERROR - Нет подключения к БД
2025-09-16 16:12:18 - INFO - Проверка подключения: не активно
2025-09-16 16:12:18 - ERROR - Нет подключения к БД
2025-09-16 16:12:45 - INFO - Попытка подключения к БД...
2025-09-16 16:12:45 - INFO - Подключено к library_db на localhost:5432
2025-09-16 16:13:13 - INFO - Проверка подключения: активно
2025-09-16 16:13:13 - INFO - Выполнение DDL: CREATE TABLES...
2025-09-16 16:13:13 - INFO - Схема успешно создана
2025-09-16 16:13:17 - INFO - Проверка подключения: активно
2025-09-16 16:13:17 - INFO - Выполнение DML: SELECT * FROM "Books"
2025-09-16 16:13:17 - INFO - Получено 0 строк из таблицы 'Books'
2025-09-16 16:13:26 - INFO - Проверка подключения: активно
2025-09-16 16:13:26 - INFO - Выполнение DML: SELECT * FROM "Books"
2025-09-16 16:13:26 - INFO - Получено 0 строк из таблицы 'Books'
2025-09-16 16:13:37 - INFO - Проверка подключения: активно
2025-09-16 16:13:37 - INFO - Выполнение DML: SELECT * FROM "Books"
2025-09-16 16:13:37 - INFO - Получено 0 строк из таблицы 'Books'
2025-09-16 16:13:54 - INFO - Проверка подключения: активно
2025-09-16 16:13:54 - INFO - Выполнение DML: INSERT INTO "Books" (['title', 'authors', 'genre', 'deposit_amount', 'daily_rental_rate'])
2025-09-16 16:13:54 - INFO - Успешно вставлена 1 запись в таблицу 'Books' (ID: 1)
2025-09-16 16:13:55 - INFO - Проверка подключения: активно
2025-09-16 16:13:55 - INFO - Выполнение DML: SELECT * FROM "Books"
2025-09-16 16:13:55 - INFO - Получено 1 строк из таблицы 'Books'
2025-09-16 16:15:27 - INFO - Инициализация DB для library_db на localhost:5432
2025-09-16 16:15:44 - INFO - Попытка подключения к БД...
2025-09-16 16:15:44 - INFO - Подключено к library_db на localhost:5432
2025-09-16 16:15:46 - INFO - Проверка подключения: активно
2025-09-16 16:15:46 - INFO - Схема уже существует — все таблицы созданы ранее
2025-09-16 16:15:47 - INFO - Проверка подключения: активно
2025-09-16 16:15:47 - INFO - Выполнение DML: SELECT * FROM "Books"
2025-09-16 16:15:47 - INFO - Получено 1 строк из таблицы 'Books'
2025-09-16 16:15:56 - INFO - Проверка подключения: активно
2025-09-16 16:15:56 - INFO - Выполнение DML: SELECT * FROM "Readers"
2025-09-16 16:15:56 - INFO - Получено 0 строк из таблицы 'Readers'
2025-09-16 16:15:57 - INFO - Проверка подключения: активно
2025-09-16 16:15:57 - INFO - Выполнение DML: SELECT * FROM "Books"
2025-09-16 16:15:57 - INFO - Получено 1 строк из таблицы 'Books'
2025-09-16 16:17:41 - INFO - Инициализация DB для library_db на localhost:5432
2025-09-16 16:17:56 - INFO - Попытка подключения к БД...
2025-09-16 16:17:56 - INFO - Подключено к library_db на localhost:5432
2025-09-16 16:17:58 - INFO - Проверка подключения: активно
2025-09-16 16:17:58 - INFO - Выполнение DML: SELECT * FROM "Books"
2025-09-16 16:17:58 - INFO - Получено 1 строк из таблицы 'Books'
2025-09-16 16:20:47 - INFO - Инициализация DB для library_db на localhost:5432
2025-09-16 16:21:10 - INFO - Попытка подключения к БД...
2025-09-16 16:21:10 - INFO - Подключено к library_db на localhost:5432
2025-09-16 16:21:11 - INFO - Проверка подключения: активно
2025-09-16 16:21:11 - INFO - Выполнение DML: SELECT * FROM "Books"
2025-09-16 16:21:11 - INFO - Получено 1 строк из таблицы 'Books'
2025-09-16 16:21:14 - INFO - Проверка подключения: активно
2025-09-16 16:21:14 - INFO - Выполнение DML: SELECT * FROM "Books"
2025-09-16 16:21:14 - INFO - Получено 1 строк из таблицы 'Books'
